GC Precious Log:
 CPUs: 8 total, 8 available
 Memory: 15970M
 Large Page Support: Disabled
 NUMA Support: Disabled
 Compressed Oops: Enabled (Zero based)
 Heap Region Size: 2M
 Heap Min Capacity: 8M
 Heap Initial Capacity: 250M
 Heap Max Capacity: 3994M
 Pre-touch: Disabled
 Parallel Workers: 8
 Concurrent Workers: 2
 Concurrent Refinement Workers: 8
 Periodic GC: Disabled
Heap:
 garbage-first heap   total 190464K, used 50500K [0x0000000706600000, 0x0000000800000000)
  region size 2048K, 8 young (16384K), 5 survivors (10240K)
 Metaspace       used 90429K, committed 91136K, reserved 1179648K
  class space    used 13251K, committed 13568K, reserved 1048576K
GC Heap History (20 events):
Event: 4.755 GC heap before
{Heap before GC invocations=15 (full 0):
 garbage-first heap   total 96256K, used 67235K [0x0000000706600000, 0x0000000800000000)
  region size 2048K, 21 young (43008K), 2 survivors (4096K)
 Metaspace       used 59982K, committed 60608K, reserved 1114112K
  class space    used 8378K, committed 8704K, reserved 1048576K
}
Event: 4.759 GC heap after
{Heap after GC invocations=16 (full 0):
 garbage-first heap   total 96256K, used 31812K [0x0000000706600000, 0x0000000800000000)
  region size 2048K, 2 young (4096K), 2 survivors (4096K)
 Metaspace       used 59982K, committed 60608K, reserved 1114112K
  class space    used 8378K, committed 8704K, reserved 1048576K
}
Event: 5.180 GC heap before
{Heap before GC invocations=17 (full 0):
 garbage-first heap   total 96256K, used 76868K [0x0000000706600000, 0x0000000800000000)
  region size 2048K, 24 young (49152K), 2 survivors (4096K)
 Metaspace       used 64955K, committed 65600K, reserved 1114112K
  class space    used 9295K, committed 9600K, reserved 1048576K
}
Event: 5.184 GC heap after
{Heap after GC invocations=18 (full 0):
 garbage-first heap   total 155648K, used 32369K [0x0000000706600000, 0x0000000800000000)
  region size 2048K, 1 young (2048K), 1 survivors (2048K)
 Metaspace       used 64955K, committed 65600K, reserved 1114112K
  class space    used 9295K, committed 9600K, reserved 1048576K
}
Event: 6.463 GC heap before
{Heap before GC invocations=19 (full 0):
 garbage-first heap   total 122880K, used 104049K [0x0000000706600000, 0x0000000800000000)
  region size 2048K, 36 young (73728K), 1 survivors (2048K)
 Metaspace       used 73282K, committed 73920K, reserved 1114112K
  class space    used 10466K, committed 10816K, reserved 1048576K
}
Event: 6.468 GC heap after
{Heap after GC invocations=20 (full 0):
 garbage-first heap   total 122880K, used 35489K [0x0000000706600000, 0x0000000800000000)
  region size 2048K, 3 young (6144K), 3 survivors (6144K)
 Metaspace       used 73282K, committed 73920K, reserved 1114112K
  class space    used 10466K, committed 10816K, reserved 1048576K
}
Event: 6.490 GC heap before
{Heap before GC invocations=20 (full 0):
 garbage-first heap   total 122880K, used 37537K [0x0000000706600000, 0x0000000800000000)
  region size 2048K, 4 young (8192K), 3 survivors (6144K)
 Metaspace       used 73675K, committed 74304K, reserved 1114112K
  class space    used 10486K, committed 10816K, reserved 1048576K
}
Event: 6.495 GC heap after
{Heap after GC invocations=21 (full 0):
 garbage-first heap   total 122880K, used 36027K [0x0000000706600000, 0x0000000800000000)
  region size 2048K, 1 young (2048K), 1 survivors (2048K)
 Metaspace       used 73675K, committed 74304K, reserved 1114112K
  class space    used 10486K, committed 10816K, reserved 1048576K
}
Event: 6.722 GC heap before
{Heap before GC invocations=21 (full 0):
 garbage-first heap   total 122880K, used 99515K [0x0000000706600000, 0x0000000800000000)
  region size 2048K, 32 young (65536K), 1 survivors (2048K)
 Metaspace       used 75403K, committed 76096K, reserved 1114112K
  class space    used 10934K, committed 11264K, reserved 1048576K
}
Event: 6.726 GC heap after
{Heap after GC invocations=22 (full 0):
 garbage-first heap   total 122880K, used 42262K [0x0000000706600000, 0x0000000800000000)
  region size 2048K, 4 young (8192K), 4 survivors (8192K)
 Metaspace       used 75403K, committed 76096K, reserved 1114112K
  class space    used 10934K, committed 11264K, reserved 1048576K
}
Event: 6.892 GC heap before
{Heap before GC invocations=22 (full 0):
 garbage-first heap   total 122880K, used 95510K [0x0000000706600000, 0x0000000800000000)
  region size 2048K, 30 young (61440K), 4 survivors (8192K)
 Metaspace       used 77346K, committed 78016K, reserved 1179648K
  class space    used 11364K, committed 11648K, reserved 1048576K
}
Event: 6.895 GC heap after
{Heap after GC invocations=23 (full 0):
 garbage-first heap   total 122880K, used 39014K [0x0000000706600000, 0x0000000800000000)
  region size 2048K, 2 young (4096K), 2 survivors (4096K)
 Metaspace       used 77346K, committed 78016K, reserved 1179648K
  class space    used 11364K, committed 11648K, reserved 1048576K
}
Event: 7.228 GC heap before
{Heap before GC invocations=23 (full 0):
 garbage-first heap   total 122880K, used 96358K [0x0000000706600000, 0x0000000800000000)
  region size 2048K, 30 young (61440K), 2 survivors (4096K)
 Metaspace       used 80110K, committed 80768K, reserved 1179648K
  class space    used 11792K, committed 12096K, reserved 1048576K
}
Event: 7.231 GC heap after
{Heap after GC invocations=24 (full 0):
 garbage-first heap   total 122880K, used 39926K [0x0000000706600000, 0x0000000800000000)
  region size 2048K, 2 young (4096K), 2 survivors (4096K)
 Metaspace       used 80110K, committed 80768K, reserved 1179648K
  class space    used 11792K, committed 12096K, reserved 1048576K
}
Event: 7.369 GC heap before
{Heap before GC invocations=24 (full 0):
 garbage-first heap   total 122880K, used 99318K [0x0000000706600000, 0x0000000800000000)
  region size 2048K, 31 young (63488K), 2 survivors (4096K)
 Metaspace       used 80189K, committed 80832K, reserved 1179648K
  class space    used 11807K, committed 12096K, reserved 1048576K
}
Event: 7.371 GC heap after
{Heap after GC invocations=25 (full 0):
 garbage-first heap   total 122880K, used 41133K [0x0000000706600000, 0x0000000800000000)
  region size 2048K, 3 young (6144K), 3 survivors (6144K)
 Metaspace       used 80189K, committed 80832K, reserved 1179648K
  class space    used 11807K, committed 12096K, reserved 1048576K
}
Event: 7.729 GC heap before
{Heap before GC invocations=25 (full 0):
 garbage-first heap   total 122880K, used 98477K [0x0000000706600000, 0x0000000800000000)
  region size 2048K, 31 young (63488K), 3 survivors (6144K)
 Metaspace       used 81195K, committed 81856K, reserved 1179648K
  class space    used 11936K, committed 12224K, reserved 1048576K
}
Event: 7.734 GC heap after
{Heap after GC invocations=26 (full 0):
 garbage-first heap   total 190464K, used 42109K [0x0000000706600000, 0x0000000800000000)
  region size 2048K, 3 young (6144K), 3 survivors (6144K)
 Metaspace       used 81195K, committed 81856K, reserved 1179648K
  class space    used 11936K, committed 12224K, reserved 1048576K
}
Event: 77.218 GC heap before
{Heap before GC invocations=26 (full 0):
 garbage-first heap   total 190464K, used 148605K [0x0000000706600000, 0x0000000800000000)
  region size 2048K, 55 young (112640K), 3 survivors (6144K)
 Metaspace       used 90426K, committed 91136K, reserved 1179648K
  class space    used 13250K, committed 13568K, reserved 1048576K
}
Event: 77.225 GC heap after
{Heap after GC invocations=27 (full 0):
 garbage-first heap   total 190464K, used 46404K [0x0000000706600000, 0x0000000800000000)
  region size 2048K, 5 young (10240K), 5 survivors (10240K)
 Metaspace       used 90426K, committed 91136K, reserved 1179648K
  class space    used 13250K, committed 13568K, reserved 1048576K
}

