# JRE version: OpenJDK Runtime Environment GraalVM CE 17.0.9+9.1 (17.0.9+9) (build 17.0.9+9-jvmci-23.0-b22)
# Java VM: OpenJDK 64-Bit Server VM GraalVM CE 17.0.9+9.1 (17.0.9+9-jvmci-23.0-b22, mixed mode, emulated-client, sharing, tiered, jvmci, jvmci compiler, compressed oops, compressed class ptrs, g1 gc, windows-amd64)
GC Precious Log:
 CPUs: 8 total, 8 available
 Memory: 15970M
 Large Page Support: Disabled
 NUMA Support: Disabled
 Compressed Oops: Enabled (Zero based)
 Heap Region Size: 2M
 Heap Min Capacity: 8M
 Heap Initial Capacity: 250M
 Heap Max Capacity: 3994M
 Pre-touch: Disabled
 Parallel Workers: 8
 Concurrent Workers: 2
 Concurrent Refinement Workers: 8
 Periodic GC: Disabled
Heap:
 garbage-first heap   total 256000K, used 31115K [0x0000000706600000, 0x0000000800000000)
  region size 2048K, 11 young (22528K), 2 survivors (4096K)
 Metaspace       used 17506K, committed 17856K, reserved 1114112K
  class space    used 2392K, committed 2560K, reserved 1048576K
GC Heap History (6 events):
Event: 14.553 GC heap before
{Heap before GC invocations=0 (full 0):
 garbage-first heap   total 256000K, used 20480K [0x0000000706600000, 0x0000000800000000)
  region size 2048K, 11 young (22528K), 0 survivors (0K)
 Metaspace       used 4892K, committed 5056K, reserved 1114112K
  class space    used 599K, committed 704K, reserved 1048576K
}
Event: 14.560 GC heap after
{Heap after GC invocations=1 (full 0):
 garbage-first heap   total 256000K, used 10964K [0x0000000706600000, 0x0000000800000000)
  region size 2048K, 2 young (4096K), 2 survivors (4096K)
 Metaspace       used 4892K, committed 5056K, reserved 1114112K
  class space    used 599K, committed 704K, reserved 1048576K
}
Event: 15.067 GC heap before
{Heap before GC invocations=1 (full 0):
 garbage-first heap   total 256000K, used 23252K [0x0000000706600000, 0x0000000800000000)
  region size 2048K, 9 young (18432K), 2 survivors (4096K)
 Metaspace       used 7913K, committed 8192K, reserved 1114112K
  class space    used 1002K, committed 1152K, reserved 1048576K
}
Event: 15.071 GC heap after
{Heap after GC invocations=2 (full 0):
 garbage-first heap   total 256000K, used 12126K [0x0000000706600000, 0x0000000800000000)
  region size 2048K, 1 young (2048K), 1 survivors (2048K)
 Metaspace       used 7913K, committed 8192K, reserved 1114112K
  class space    used 1002K, committed 1152K, reserved 1048576K
}
Event: 16.596 GC heap before
{Heap before GC invocations=2 (full 0):
 garbage-first heap   total 256000K, used 61278K [0x0000000706600000, 0x0000000800000000)
  region size 2048K, 26 young (53248K), 1 survivors (2048K)
 Metaspace       used 14707K, committed 15104K, reserved 1114112K
  class space    used 2000K, committed 2176K, reserved 1048576K
}
Event: 16.599 GC heap after
{Heap after GC invocations=3 (full 0):
 garbage-first heap   total 256000K, used 14731K [0x0000000706600000, 0x0000000800000000)
  region size 2048K, 2 young (4096K), 2 survivors (4096K)
 Metaspace       used 14707K, committed 15104K, reserved 1114112K
  class space    used 2000K, committed 2176K, reserved 1048576K
}

